<?xml version="1.0" encoding="UTF-8"?>
<testng-results skipped="0" failed="0" ignored="0" total="1" passed="1">
  <reporter-output>
  </reporter-output>
  <suite name="Default suite" duration-ms="94790" started-at="2020-02-09T01:19:42 IST" finished-at="2020-02-09T01:21:17 IST">
    <groups>
    </groups>
    <test name="Default test" duration-ms="94790" started-at="2020-02-09T01:19:42 IST" finished-at="2020-02-09T01:21:17 IST">
      <class name="com.heroku.testcases.TChero003">
        <test-method status="PASS" signature="beforeMethod()[pri:0, instance:com.heroku.testcases.TChero003@3d921e20]" name="beforeMethod" is-config="true" duration-ms="89954" started-at="2020-02-09T01:19:42 IST" finished-at="2020-02-09T01:21:12 IST">
          <reporter-output>
          </reporter-output>
        </test-method> <!-- beforeMethod -->
        <test-method status="PASS" signature="runTChero003()[pri:0, instance:com.heroku.testcases.TChero003@3d921e20]" name="runTChero003" duration-ms="4391" started-at="2020-02-09T01:21:12 IST" finished-at="2020-02-09T01:21:16 IST">
          <reporter-output>
          </reporter-output>
        </test-method> <!-- runTChero003 -->
        <test-method status="PASS" signature="afterMethod()[pri:0, instance:com.heroku.testcases.TChero003@3d921e20]" name="afterMethod" is-config="true" duration-ms="365" started-at="2020-02-09T01:21:16 IST" finished-at="2020-02-09T01:21:17 IST">
          <reporter-output>
          </reporter-output>
        </test-method> <!-- afterMethod -->
      </class> <!-- com.heroku.testcases.TChero003 -->
    </test> <!-- Default test -->
  </suite> <!-- Default suite -->
</testng-results>
